#
# There is insufficient memory for the Java Runtime Environment to continue.
# Native memory allocation (malloc) failed to allocate 32744 bytes for ChunkPool::allocate
# Possible reasons:
#   The system is out of physical RAM or swap space
#   The process is running with CompressedOops enabled, and the Java Heap may be blocking the growth of the native heap
# Possible solutions:
#   Reduce memory load on the system
#   Increase physical memory or swap space
#   Check if swap backing store is full
#   Decrease Java heap size (-Xmx/-Xms)
#   Decrease number of Java threads
#   Decrease Java thread stack sizes (-Xss)
#   Set larger code cache with -XX:ReservedCodeCacheSize=
#   JVM is running with Unscaled Compressed Oops mode in which the Java heap is
#     placed in the first 4GB address space. The Java Heap base address is the
#     maximum limit for the native heap growth. Please use -XX:HeapBaseMinAddress
#     to set the Java Heap base and to place the Java Heap above 4GB virtual address.
# This output file may be truncated or incomplete.
#
#  Out of Memory Error (allocation.cpp:272), pid=60736, tid=0x000000000000e65c
#
# JRE version: Java(TM) SE Runtime Environment (8.0_211-b12) (build 1.8.0_211-b12)
# Java VM: Java HotSpot(TM) 64-Bit Server VM (25.211-b12 mixed mode windows-amd64 compressed oops)
# Failed to write core dump. Minidumps are not enabled by default on client versions of Windows
#

---------------  T H R E A D  ---------------

Current thread (0x0000000019537000):  JavaThread "C1 CompilerThread2" daemon [_thread_in_native, id=58972, stack(0x0000000019b30000,0x0000000019c30000)]

Stack: [0x0000000019b30000,0x0000000019c30000]
[error occurred during error reporting (printing stack bounds), id 0xc0000005]

Native frames: (J=compiled Java code, j=interpreted, Vv=VM code, C=native code)


Current CompileTask:
C1:   2727 1562       1       org.springframework.asm.ClassReader::readCode (5085 bytes)


---------------  P R O C E S S  ---------------

Java Threads: ( => current thread )
  0x000000001a141000 JavaThread "background-preinit" [_thread_in_native, id=61272, stack(0x000000001af30000,0x000000001b030000)]
  0x0000000019e9f800 JavaThread "RMI TCP Accept-0" daemon [_thread_in_native, id=23996, stack(0x000000001a550000,0x000000001a650000)]
  0x0000000019542800 JavaThread "Service Thread" daemon [_thread_blocked, id=57604, stack(0x0000000019c30000,0x0000000019d30000)]
=>0x0000000019537000 JavaThread "C1 CompilerThread2" daemon [_thread_in_native, id=58972, stack(0x0000000019b30000,0x0000000019c30000)]
  0x00000000194d6000 JavaThread "C2 CompilerThread1" daemon [_thread_blocked, id=60924, stack(0x0000000019a30000,0x0000000019b30000)]
  0x00000000194d2800 JavaThread "C2 CompilerThread0" daemon [_thread_blocked, id=59664, stack(0x0000000019930000,0x0000000019a30000)]
  0x00000000194b8800 JavaThread "Monitor Ctrl-Break" daemon [_thread_in_native, id=53804, stack(0x0000000019830000,0x0000000019930000)]
  0x0000000019272800 JavaThread "Attach Listener" daemon [_thread_blocked, id=51580, stack(0x0000000019730000,0x0000000019830000)]
  0x0000000017ef4000 JavaThread "Signal Dispatcher" daemon [_thread_blocked, id=50676, stack(0x0000000019630000,0x0000000019730000)]
  0x00000000033ad800 JavaThread "Finalizer" daemon [_thread_blocked, id=60724, stack(0x0000000019130000,0x0000000019230000)]
  0x00000000033a5000 JavaThread "Reference Handler" daemon [_thread_blocked, id=60780, stack(0x0000000019030000,0x0000000019130000)]
  0x00000000032b4800 JavaThread "main" [_thread_in_Java, id=60744, stack(0x0000000002fe0000,0x00000000030e0000)]

Other Threads:
  0x0000000017ea7800 VMThread [stack: 0x0000000018f30000,0x0000000019030000] [id=61164]
  0x0000000019eaa800 WatcherThread [stack: 0x000000001a650000,0x000000001a750000] [id=59572]

VM state:not at safepoint (normal execution)

VM Mutex/Monitor currently owned by a thread: None

heap address: 0x0000000081c00000, size: 2020 MB, Compressed Oops mode: 32-bit
Narrow klass base: 0x0000000000000000, Narrow klass shift: 3
Compressed class space size: 1073741824 Address: 0x0000000100000000

Heap:
 PSYoungGen      total 38400K, used 14813K [0x00000000d5f00000, 0x00000000d9e00000, 0x0000000100000000)
  eden space 33280K, 32% used [0x00000000d5f00000,0x00000000d6991a80,0x00000000d7f80000)
  from space 5120K, 77% used [0x00000000d8480000,0x00000000d8865ca8,0x00000000d8980000)
  to   space 5120K, 0% used [0x00000000d7f80000,0x00000000d7f80000,0x00000000d8480000)
 ParOldGen       total 52224K, used 5758K [0x0000000081c00000, 0x0000000084f00000, 0x00000000d5f00000)
  object space 52224K, 11% used [0x0000000081c00000,0x000000008219fb38,0x0000000084f00000)
 Metaspace       used 20327K, capacity 20970K, committed 21120K, reserved 1069056K
  class space    used 2732K, capacity 2915K, committed 2944K, reserved 1048576K

Card table byte_map: [0x0000000012770000,0x0000000012b70000] byte_map_base: 0x0000000012362000

Marking Bits: (ParMarkBitMap*) 0x0000000053695ce0
 Begin Bits: [0x0000000013220000, 0x00000000151b0000)
 End Bits:   [0x00000000151b0000, 0x0000000017140000)

Polling page: 0x0000000001440000

CodeCache: size=245760Kb used=3499Kb max_used=3499Kb free=242260Kb
 bounds [0x00000000033b0000, 0x0000000003720000, 0x00000000123b0000]
 total_blobs=1958 nmethods=1562 adapters=308
 compilation: enabled

Compilation events (10 events):
Event: 2.715 Thread 0x0000000019537000 nmethod 1557 0x00000000037185d0 code [0x0000000003718740, 0x0000000003718968]
Event: 2.715 Thread 0x0000000019537000 1558       1       org.springframework.asm.AnnotationVisitor::<init> (7 bytes)
Event: 2.715 Thread 0x0000000019537000 nmethod 1558 0x0000000003718ad0 code [0x0000000003718c20, 0x0000000003718d48]
Event: 2.715 Thread 0x0000000019537000 1559       1       java.util.HashMap::isEmpty (13 bytes)
Event: 2.715 Thread 0x0000000019537000 nmethod 1559 0x0000000003718dd0 code [0x0000000003718f20, 0x0000000003719050]
Event: 2.715 Thread 0x0000000019537000 1560       1       sun.reflect.ClassFileAssembler::emitConstantPoolNameAndType (28 bytes)
Event: 2.715 Thread 0x0000000019537000 nmethod 1560 0x0000000003719090 code [0x0000000003719240, 0x0000000003719588]
Event: 2.716 Thread 0x0000000019537000 1561       1       java.util.HashMap::removeNode (291 bytes)
Event: 2.716 Thread 0x0000000019537000 nmethod 1561 0x0000000003719950 code [0x0000000003719b20, 0x000000000371a158]
Event: 2.718 Thread 0x0000000019537000 1562       1       org.springframework.asm.ClassReader::readCode (5085 bytes)

GC Heap History (10 events):
Event: 1.913 GC heap before
{Heap before GC invocations=1 (full 0):
 PSYoungGen      total 38400K, used 33280K [0x00000000d5f00000, 0x00000000d8980000, 0x0000000100000000)
  eden space 33280K, 100% used [0x00000000d5f00000,0x00000000d7f80000,0x00000000d7f80000)
  from space 5120K, 0% used [0x00000000d8480000,0x00000000d8480000,0x00000000d8980000)
  to   space 5120K, 0% used [0x00000000d7f80000,0x00000000d7f80000,0x00000000d8480000)
 ParOldGen       total 87552K, used 0K [0x0000000081c00000, 0x0000000087180000, 0x00000000d5f00000)
  object space 87552K, 0% used [0x0000000081c00000,0x0000000081c00000,0x0000000087180000)
 Metaspace       used 11798K, capacity 12058K, committed 12288K, reserved 1060864K
  class space    used 1423K, capacity 1487K, committed 1536K, reserved 1048576K
Event: 1.920 GC heap after
Heap after GC invocations=1 (full 0):
 PSYoungGen      total 38400K, used 5088K [0x00000000d5f00000, 0x00000000d8980000, 0x0000000100000000)
  eden space 33280K, 0% used [0x00000000d5f00000,0x00000000d5f00000,0x00000000d7f80000)
  from space 5120K, 99% used [0x00000000d7f80000,0x00000000d8478330,0x00000000d8480000)
  to   space 5120K, 0% used [0x00000000d8480000,0x00000000d8480000,0x00000000d8980000)
 ParOldGen       total 87552K, used 224K [0x0000000081c00000, 0x0000000087180000, 0x00000000d5f00000)
  object space 87552K, 0% used [0x0000000081c00000,0x0000000081c38020,0x0000000087180000)
 Metaspace       used 11798K, capacity 12058K, committed 12288K, reserved 1060864K
  class space    used 1423K, capacity 1487K, committed 1536K, reserved 1048576K
}
Event: 2.133 GC heap before
{Heap before GC invocations=2 (full 0):
 PSYoungGen      total 38400K, used 38368K [0x00000000d5f00000, 0x00000000d8980000, 0x0000000100000000)
  eden space 33280K, 100% used [0x00000000d5f00000,0x00000000d7f80000,0x00000000d7f80000)
  from space 5120K, 99% used [0x00000000d7f80000,0x00000000d8478330,0x00000000d8480000)
  to   space 5120K, 0% used [0x00000000d8480000,0x00000000d8480000,0x00000000d8980000)
 ParOldGen       total 87552K, used 224K [0x0000000081c00000, 0x0000000087180000, 0x00000000d5f00000)
  object space 87552K, 0% used [0x0000000081c00000,0x0000000081c38080,0x0000000087180000)
 Metaspace       used 14928K, capacity 15356K, committed 15488K, reserved 1062912K
  class space    used 1969K, capacity 2102K, committed 2176K, reserved 1048576K
Event: 2.140 GC heap after
Heap after GC invocations=2 (full 0):
 PSYoungGen      total 38400K, used 5106K [0x00000000d5f00000, 0x00000000d8980000, 0x0000000100000000)
  eden space 33280K, 0% used [0x00000000d5f00000,0x00000000d5f00000,0x00000000d7f80000)
  from space 5120K, 99% used [0x00000000d8480000,0x00000000d897cae8,0x00000000d8980000)
  to   space 5120K, 0% used [0x00000000d7f80000,0x00000000d7f80000,0x00000000d8480000)
 ParOldGen       total 87552K, used 1346K [0x0000000081c00000, 0x0000000087180000, 0x00000000d5f00000)
  object space 87552K, 1% used [0x0000000081c00000,0x0000000081d50a80,0x0000000087180000)
 Metaspace       used 14928K, capacity 15356K, committed 15488K, reserved 1062912K
  class space    used 1969K, capacity 2102K, committed 2176K, reserved 1048576K
}
Event: 2.343 GC heap before
{Heap before GC invocations=3 (full 0):
 PSYoungGen      total 38400K, used 27735K [0x00000000d5f00000, 0x00000000d8980000, 0x0000000100000000)
  eden space 33280K, 67% used [0x00000000d5f00000,0x00000000d75191d8,0x00000000d7f80000)
  from space 5120K, 99% used [0x00000000d8480000,0x00000000d897cae8,0x00000000d8980000)
  to   space 5120K, 0% used [0x00000000d7f80000,0x00000000d7f80000,0x00000000d8480000)
 ParOldGen       total 87552K, used 1346K [0x0000000081c00000, 0x0000000087180000, 0x00000000d5f00000)
  object space 87552K, 1% used [0x0000000081c00000,0x0000000081d50a80,0x0000000087180000)
 Metaspace       used 16387K, capacity 16872K, committed 17024K, reserved 1071104K
  class space    used 2217K, capacity 2346K, committed 2432K, reserved 1048576K
Event: 2.352 GC heap after
Heap after GC invocations=3 (full 0):
 PSYoungGen      total 38400K, used 5118K [0x00000000d5f00000, 0x00000000d8980000, 0x0000000100000000)
  eden space 33280K, 0% used [0x00000000d5f00000,0x00000000d5f00000,0x00000000d7f80000)
  from space 5120K, 99% used [0x00000000d7f80000,0x00000000d847fb88,0x00000000d8480000)
  to   space 5120K, 0% used [0x00000000d8480000,0x00000000d8480000,0x00000000d8980000)
 ParOldGen       total 87552K, used 2152K [0x0000000081c00000, 0x0000000087180000, 0x00000000d5f00000)
  object space 87552K, 2% used [0x0000000081c00000,0x0000000081e1a378,0x0000000087180000)
 Metaspace       used 16387K, capacity 16872K, committed 17024K, reserved 1071104K
  class space    used 2217K, capacity 2346K, committed 2432K, reserved 1048576K
}
Event: 2.352 GC heap before
{Heap before GC invocations=4 (full 1):
 PSYoungGen      total 38400K, used 5118K [0x00000000d5f00000, 0x00000000d8980000, 0x0000000100000000)
  eden space 33280K, 0% used [0x00000000d5f00000,0x00000000d5f00000,0x00000000d7f80000)
  from space 5120K, 99% used [0x00000000d7f80000,0x00000000d847fb88,0x00000000d8480000)
  to   space 5120K, 0% used [0x00000000d8480000,0x00000000d8480000,0x00000000d8980000)
 ParOldGen       total 87552K, used 2152K [0x0000000081c00000, 0x0000000087180000, 0x00000000d5f00000)
  object space 87552K, 2% used [0x0000000081c00000,0x0000000081e1a378,0x0000000087180000)
 Metaspace       used 16387K, capacity 16872K, committed 17024K, reserved 1071104K
  class space    used 2217K, capacity 2346K, committed 2432K, reserved 1048576K
Event: 2.383 GC heap after
Heap after GC invocations=4 (full 1):
 PSYoungGen      total 38400K, used 0K [0x00000000d5f00000, 0x00000000d8980000, 0x0000000100000000)
  eden space 33280K, 0% used [0x00000000d5f00000,0x00000000d5f00000,0x00000000d7f80000)
  from space 5120K, 0% used [0x00000000d7f80000,0x00000000d7f80000,0x00000000d8480000)
  to   space 5120K, 0% used [0x00000000d8480000,0x00000000d8480000,0x00000000d8980000)
 ParOldGen       total 52224K, used 5746K [0x0000000081c00000, 0x0000000084f00000, 0x00000000d5f00000)
  object space 52224K, 11% used [0x0000000081c00000,0x000000008219ca48,0x0000000084f00000)
 Metaspace       used 16385K, capacity 16866K, committed 17024K, reserved 1067008K
  class space    used 2217K, capacity 2345K, committed 2432K, reserved 1048576K
}
Event: 2.660 GC heap before
{Heap before GC invocations=5 (full 1):
 PSYoungGen      total 38400K, used 33280K [0x00000000d5f00000, 0x00000000d8980000, 0x0000000100000000)
  eden space 33280K, 100% used [0x00000000d5f00000,0x00000000d7f80000,0x00000000d7f80000)
  from space 5120K, 0% used [0x00000000d7f80000,0x00000000d7f80000,0x00000000d8480000)
  to   space 5120K, 0% used [0x00000000d8480000,0x00000000d8480000,0x00000000d8980000)
 ParOldGen       total 52224K, used 5750K [0x0000000081c00000, 0x0000000084f00000, 0x00000000d5f00000)
  object space 52224K, 11% used [0x0000000081c00000,0x000000008219db38,0x0000000084f00000)
 Metaspace       used 19681K, capacity 20270K, committed 20480K, reserved 1069056K
  class space    used 2626K, capacity 2787K, committed 2816K, reserved 1048576K
Event: 2.664 GC heap after
Heap after GC invocations=5 (full 1):
 PSYoungGen      total 38400K, used 3991K [0x00000000d5f00000, 0x00000000d9e00000, 0x0000000100000000)
  eden space 33280K, 0% used [0x00000000d5f00000,0x00000000d5f00000,0x00000000d7f80000)
  from space 5120K, 77% used [0x00000000d8480000,0x00000000d8865ca8,0x00000000d8980000)
  to   space 5120K, 0% used [0x00000000d7f80000,0x00000000d7f80000,0x00000000d8480000)
 ParOldGen       total 52224K, used 5758K [0x0000000081c00000, 0x0000000084f00000, 0x00000000d5f00000)
  object space 52224K, 11% used [0x0000000081c00000,0x000000008219fb38,0x0000000084f00000)
 Metaspace       used 19681K, capacity 20270K, committed 20480K, reserved 1069056K
  class space    used 2626K, capacity 2787K, committed 2816K, reserved 1048576K
}

Deoptimization events (0 events):
No events

Classes redefined (0 events):
No events

Internal exceptions (10 events):
Event: 2.437 Thread 0x00000000032b4800 Exception <a 'java/lang/ClassNotFoundException': org/springframework/core/OrderedCustomizer> (0x00000000d655ef80) thrown at [C:\re\workspace\8-2-build-windows-amd64-cygwin\jdk8u211\12973\hotspot\src\share\vm\classfile\systemDictionary.cpp, line 210]
Event: 2.437 Thread 0x00000000032b4800 Exception <a 'java/lang/ClassNotFoundException': org/springframework/context/ResourceLoaderAwareCustomizer> (0x00000000d6572430) thrown at [C:\re\workspace\8-2-build-windows-amd64-cygwin\jdk8u211\12973\hotspot\src\share\vm\classfile\systemDictionary.cpp, 
Event: 2.438 Thread 0x00000000032b4800 Exception <a 'java/lang/ClassNotFoundException': org/springframework/beans/factory/AwareCustomizer> (0x00000000d6584340) thrown at [C:\re\workspace\8-2-build-windows-amd64-cygwin\jdk8u211\12973\hotspot\src\share\vm\classfile\systemDictionary.cpp, line 210
Event: 2.438 Thread 0x00000000032b4800 Exception <a 'java/lang/ClassNotFoundException': org/springframework/beans/factory/BeanClassLoaderAwareCustomizer> (0x00000000d6598520) thrown at [C:\re\workspace\8-2-build-windows-amd64-cygwin\jdk8u211\12973\hotspot\src\share\vm\classfile\systemDictionar
Event: 2.440 Thread 0x00000000032b4800 Exception <a 'java/lang/ClassNotFoundException': org/springframework/beans/factory/AwareCustomizer> (0x00000000d65aa448) thrown at [C:\re\workspace\8-2-build-windows-amd64-cygwin\jdk8u211\12973\hotspot\src\share\vm\classfile\systemDictionary.cpp, line 210
Event: 2.441 Thread 0x00000000032b4800 Exception <a 'java/lang/ClassNotFoundException': org/springframework/context/EnvironmentAwareCustomizer> (0x00000000d65bc298) thrown at [C:\re\workspace\8-2-build-windows-amd64-cygwin\jdk8u211\12973\hotspot\src\share\vm\classfile\systemDictionary.cpp, lin
Event: 2.447 Thread 0x00000000032b4800 Exception <a 'java/lang/ClassNotFoundException': org/springframework/beans/factory/AwareCustomizer> (0x00000000d669df28) thrown at [C:\re\workspace\8-2-build-windows-amd64-cygwin\jdk8u211\12973\hotspot\src\share\vm\classfile\systemDictionary.cpp, line 210
Event: 2.519 Thread 0x00000000032b4800 Exception <a 'java/lang/NoSuchMethodError': java.lang.Object.lambda$comparing$77a9974f$1(Ljava/util/function/Function;Ljava/lang/Object;Ljava/lang/Object;)I> (0x00000000d6a08988) thrown at [C:\re\workspace\8-2-build-windows-amd64-cygwin\jdk8u211\12973\hot
Event: 2.641 Thread 0x00000000032b4800 Exception <a 'java/lang/IncompatibleClassChangeError': Found class java.lang.Object, but interface was expected> (0x00000000d7cc6370) thrown at [C:\re\workspace\8-2-build-windows-amd64-cygwin\jdk8u211\12973\hotspot\src\share\vm\interpreter\linkResolver.cp
Event: 2.707 Thread 0x000000001a141000 Exception <a 'java/lang/IncompatibleClassChangeError': Found class java.lang.Object, but interface was expected> (0x00000000d654f238) thrown at [C:\re\workspace\8-2-build-windows-amd64-cygwin\jdk8u211\12973\hotspot\src\share\vm\interpreter\linkResolver.cp

Events (10 events):
Event: 2.724 loading class org/springframework/boot/autoconfigure/freemarker/FreeMarkerTemplateAvailabilityProvider$FreeMarkerTemplateAvailabilityProperties
Event: 2.724 loading class org/springframework/boot/autoconfigure/freemarker/FreeMarkerTemplateAvailabilityProvider$FreeMarkerTemplateAvailabilityProperties done
Event: 2.724 loading class org/springframework/boot/autoconfigure/template/PathBasedTemplateAvailabilityProvider$TemplateAvailabilityProperties
Event: 2.724 loading class org/springframework/boot/autoconfigure/template/PathBasedTemplateAvailabilityProvider$TemplateAvailabilityProperties done
Event: 2.724 loading class org/springframework/boot/autoconfigure/mustache/MustacheTemplateAvailabilityProvider
Event: 2.724 loading class org/springframework/boot/autoconfigure/mustache/MustacheTemplateAvailabilityProvider done
Event: 2.725 loading class org/springframework/boot/autoconfigure/groovy/template/GroovyTemplateAvailabilityProvider
Event: 2.725 loading class org/springframework/boot/autoconfigure/groovy/template/GroovyTemplateAvailabilityProvider done
Event: 2.725 loading class org/apache/tomcat/util/res/StringManager
Event: 2.725 loading class org/apache/tomcat/util/res/StringManager done


Dynamic libraries:
0x00007ff6323f0000 - 0x00007ff632427000 	D:\denny\java\bin\java.exe
0x00007ffdc85c0000 - 0x00007ffdc87ad000 	C:\WINDOWS\SYSTEM32\ntdll.dll
0x00007ffdc6b30000 - 0x00007ffdc6be3000 	C:\WINDOWS\System32\KERNEL32.DLL
0x00007ffdc42c0000 - 0x00007ffdc4553000 	C:\WINDOWS\System32\KERNELBASE.dll
0x00007ffdc7240000 - 0x00007ffdc72e3000 	C:\WINDOWS\System32\ADVAPI32.dll
0x00007ffdc76a0000 - 0x00007ffdc773e000 	C:\WINDOWS\System32\msvcrt.dll
0x00007ffdc6a20000 - 0x00007ffdc6abe000 	C:\WINDOWS\System32\sechost.dll
0x00007ffdc50d0000 - 0x00007ffdc51f2000 	C:\WINDOWS\System32\RPCRT4.dll
0x00007ffdc7940000 - 0x00007ffdc7ad7000 	C:\WINDOWS\System32\USER32.dll
0x00007ffdc3d70000 - 0x00007ffdc3d90000 	C:\WINDOWS\System32\win32u.dll
0x00007ffdc4e50000 - 0x00007ffdc4e79000 	C:\WINDOWS\System32\GDI32.dll
0x00007ffdc4560000 - 0x00007ffdc46f9000 	C:\WINDOWS\System32\gdi32full.dll
0x00007ffdc4110000 - 0x00007ffdc41b0000 	C:\WINDOWS\System32\msvcp_win.dll
0x00007ffdc3dc0000 - 0x00007ffdc3eba000 	C:\WINDOWS\System32\ucrtbase.dll
0x00007ffdba1d0000 - 0x00007ffdba449000 	C:\WINDOWS\WinSxS\amd64_microsoft.windows.common-controls_6595b64144ccf1df_6.0.17763.678_none_05b74150071d72bf\COMCTL32.dll
0x00007ffdc81e0000 - 0x00007ffdc850c000 	C:\WINDOWS\System32\combase.dll
0x00007ffdc3cf0000 - 0x00007ffdc3d6e000 	C:\WINDOWS\System32\bcryptPrimitives.dll
0x00007ffdc7ae0000 - 0x00007ffdc7b0e000 	C:\WINDOWS\System32\IMM32.DLL
0x0000000053720000 - 0x00000000537f2000 	D:\denny\java\jre\bin\msvcr100.dll
0x0000000052e70000 - 0x0000000053715000 	D:\denny\java\jre\bin\server\jvm.dll
0x00007ffdc6b20000 - 0x00007ffdc6b28000 	C:\WINDOWS\System32\PSAPI.DLL
0x00007ffdba7b0000 - 0x00007ffdba7b9000 	C:\WINDOWS\SYSTEM32\WSOCK32.dll
0x00007ffdc7740000 - 0x00007ffdc77ad000 	C:\WINDOWS\System32\WS2_32.dll
0x00007ffdaf850000 - 0x00007ffdaf874000 	C:\WINDOWS\SYSTEM32\WINMM.dll
0x00007ffdc01f0000 - 0x00007ffdc01fa000 	C:\WINDOWS\SYSTEM32\VERSION.dll
0x00007ffdaf820000 - 0x00007ffdaf84d000 	C:\WINDOWS\SYSTEM32\WINMMBASE.dll
0x00007ffdc40c0000 - 0x00007ffdc410a000 	C:\WINDOWS\System32\cfgmgr32.dll
0x00007ffdbfcb0000 - 0x00007ffdbfcbf000 	D:\denny\java\jre\bin\verify.dll
0x00007ffdbe130000 - 0x00007ffdbe159000 	D:\denny\java\jre\bin\java.dll
0x00007ffdbe0e0000 - 0x00007ffdbe103000 	D:\denny\java\jre\bin\instrument.dll
0x00007ffdbe110000 - 0x00007ffdbe126000 	D:\denny\java\jre\bin\zip.dll
0x00007ffdc5530000 - 0x00007ffdc6a20000 	C:\WINDOWS\System32\SHELL32.dll
0x00007ffdc73c0000 - 0x00007ffdc7468000 	C:\WINDOWS\System32\shcore.dll
0x00007ffdc4700000 - 0x00007ffdc4e4a000 	C:\WINDOWS\System32\windows.storage.dll
0x00007ffdc3c60000 - 0x00007ffdc3c84000 	C:\WINDOWS\System32\profapi.dll
0x00007ffdc3c90000 - 0x00007ffdc3ced000 	C:\WINDOWS\System32\powrprof.dll
0x00007ffdc7070000 - 0x00007ffdc70c2000 	C:\WINDOWS\System32\shlwapi.dll
0x00007ffdc3c40000 - 0x00007ffdc3c51000 	C:\WINDOWS\System32\kernel.appcore.dll
0x00007ffdc40a0000 - 0x00007ffdc40b7000 	C:\WINDOWS\System32\cryptsp.dll
0x00007ffdbdfe0000 - 0x00007ffdbdffa000 	D:\denny\Intellij idea\IntelliJ IDEA 2019.1.3\bin\breakgen64.dll
0x00007ffdbc420000 - 0x00007ffdbc43a000 	D:\denny\java\jre\bin\net.dll
0x00007ffdc8000000 - 0x00007ffdc81d7000 	C:\WINDOWS\System32\urlmon.dll
0x00007ffdc5200000 - 0x00007ffdc54a8000 	C:\WINDOWS\System32\iertutil.dll
0x00007ffdc3600000 - 0x00007ffdc360c000 	C:\WINDOWS\SYSTEM32\CRYPTBASE.DLL
0x00007ffdc3430000 - 0x00007ffdc3497000 	C:\WINDOWS\system32\mswsock.dll
0x00007ffdc3190000 - 0x00007ffdc3256000 	C:\WINDOWS\SYSTEM32\DNSAPI.dll
0x00007ffdc54c0000 - 0x00007ffdc54c8000 	C:\WINDOWS\System32\NSI.dll
0x00007ffdc3150000 - 0x00007ffdc318d000 	C:\WINDOWS\SYSTEM32\IPHLPAPI.DLL
0x00007ffdbf170000 - 0x00007ffdbf17a000 	C:\Windows\System32\rasadhlp.dll
0x00007ffdbf1b0000 - 0x00007ffdbf229000 	C:\WINDOWS\System32\fwpuclnt.dll
0x00007ffdc3d90000 - 0x00007ffdc3db6000 	C:\WINDOWS\System32\bcrypt.dll
0x00007ffdbe0d0000 - 0x00007ffdbe0dd000 	D:\denny\java\jre\bin\management.dll
0x00007ffdb2790000 - 0x00007ffdb27a2000 	D:\denny\java\jre\bin\nio.dll
0x00007ffdc2fb0000 - 0x00007ffdc2fe3000 	C:\WINDOWS\system32\rsaenh.dll
0x00007ffdc3b20000 - 0x00007ffdc3b48000 	C:\WINDOWS\SYSTEM32\USERENV.dll
0x00007ffdbf860000 - 0x00007ffdbf876000 	C:\WINDOWS\SYSTEM32\dhcpcsvc6.DLL
0x00007ffdbf830000 - 0x00007ffdbf84c000 	C:\WINDOWS\SYSTEM32\dhcpcsvc.DLL
0x00007ffdb9ff0000 - 0x00007ffdba006000 	C:\WINDOWS\system32\napinsp.dll
0x00007ffdb9e70000 - 0x00007ffdb9e8a000 	C:\WINDOWS\system32\pnrpnsp.dll
0x00007ffdb9d30000 - 0x00007ffdb9d3e000 	C:\WINDOWS\System32\winrnr.dll
0x00007ffdbfc30000 - 0x00007ffdbfc4b000 	C:\WINDOWS\system32\NLAapi.dll
0x00007ffdb9b90000 - 0x00007ffdb9ba5000 	C:\WINDOWS\system32\wshbth.dll

VM Arguments:
jvm_args: -XX:TieredStopAtLevel=1 -Xverify:none -Dspring.output.ansi.enabled=always -Dcom.sun.management.jmxremote -Dspring.jmx.enabled=true -Dspring.liveBeansView.mbeanDomain -Dspring.application.admin.enabled=true -javaagent:D:\denny\Intellij idea\IntelliJ IDEA 2019.1.3\lib\idea_rt.jar=9981:D:\denny\Intellij idea\IntelliJ IDEA 2019.1.3\bin -Dfile.encoding=UTF-8 
java_command: denny.dubbo.boot_consumer.BootConsumerApplication
java_class_path (initial): D:\denny\java\jre\lib\charsets.jar;D:\denny\java\jre\lib\deploy.jar;D:\denny\java\jre\lib\ext\access-bridge-64.jar;D:\denny\java\jre\lib\ext\cldrdata.jar;D:\denny\java\jre\lib\ext\dnsns.jar;D:\denny\java\jre\lib\ext\jaccess.jar;D:\denny\java\jre\lib\ext\jfxrt.jar;D:\denny\java\jre\lib\ext\localedata.jar;D:\denny\java\jre\lib\ext\nashorn.jar;D:\denny\java\jre\lib\ext\sunec.jar;D:\denny\java\jre\lib\ext\sunjce_provider.jar;D:\denny\java\jre\lib\ext\sunmscapi.jar;D:\denny\java\jre\lib\ext\sunpkcs11.jar;D:\denny\java\jre\lib\ext\zipfs.jar;D:\denny\java\jre\lib\javaws.jar;D:\denny\java\jre\lib\jce.jar;D:\denny\java\jre\lib\jfr.jar;D:\denny\java\jre\lib\jfxswt.jar;D:\denny\java\jre\lib\jsse.jar;D:\denny\java\jre\lib\management-agent.jar;D:\denny\java\jre\lib\plugin.jar;D:\denny\java\jre\lib\resources.jar;D:\denny\java\jre\lib\rt.jar;D:\denny\denny_demo\dubbo_demo\boot_consumer\target\classes;E:\my_maven_local_repository\org\springframework\boot\spring-boot-starter\2.1.7.RELEASE\spring-boot-starter-2.1.7.RELEASE.jar;E:\my_maven_local_repository\org\springframework\boot\spring-boot\2.1.7.RELEASE\spring-boot-2.1.7.RELEASE.jar;E:\my_maven_local_repository\org\springframework\spring-context\5.1.9.RELEASE\spring-context-5.1.9.RELEASE.jar;E:\my_maven_local_repository\org\springframework\boot\spring-boot-autoconfigure\2.1.7.RELEASE\spring-boot-autoconfigure-2.1.7.RELEASE.jar;E:\my_maven_local_repository\org\springframework\boot\spring-boot-starter-logging\2.1.7.RELEASE\spring-boot-starter-logging-2.1.7.RELEASE.jar;E:\my_maven_local_repository\ch\qos\logback\logback-classic\1.2.3\logback-classic-1.2.3.jar;E:\my_maven_local_repository\ch\qos\logback\logback-core\1.2.3\logback-core-1.2.3.jar;E:\my_maven_local_repository\org\apache\logging\log4j\log4j-to-slf4j\2.11.2\log4j-to-slf4j-2.11.2.jar;E:\my_maven_local_repository\org\apache\logging\log4j\log4j-api\2.11.2\log4j-api-2.11.2.jar;E:\my_maven_local_repository\org\slf4j\jul-to-slf4j\1.7.26\jul-to-slf4j-1
Launcher Type: SUN_STANDARD

Environment Variables:
JAVA_HOME=D:\denny\jdk
CLASSPATH=.;D:\denny\jdk\lib\dt.jar;D:\denny\jdk\lib\tools.jar
PATH=C:\WINDOWS\system32;D:\denny\jdk\bin;D:\denny\jdk\jre\bin;C:\Program Files\nodejs\;D:\denny\mysql-5.5.62-winx64\bin;D:\denny\mysql\bin;C:\Program Files\Git\cmd;D:\denny\python;D:\denny\maven\apache-maven-3.6.1\bin;C:\Users\Administrator\AppData\Local\Programs\Python\Python37\Scripts\;C:\Users\Administrator\AppData\Local\Programs\Python\Python37\;C:\Users\Administrator\AppData\Local\Microsoft\WindowsApps;C:\Users\Administrator\AppData\Roaming\npm;C:\Program Files\Bandizip\;D:\denny\pycharm\PyCharm 2019.1.3\bin;;D:\denny\Intellij idea\IntelliJ IDEA 2019.1.3\bin;
USERNAME=Administrator
OS=Windows_NT
PROCESSOR_IDENTIFIER=Intel64 Family 6 Model 158 Stepping 9, GenuineIntel



---------------  S Y S T E M  ---------------

OS: Windows 10.0 , 64 bit Build 17763 (10.0.17763.475)

CPU:total 4 (initial active 4) (4 cores per cpu, 1 threads per core) family 6 model 158 stepping 9, cmov, cx8, fxsr, mmx, sse, sse2, sse3, ssse3, sse4.1, sse4.2, popcnt, avx, avx2, aes, clmul, erms, 3dnowpref, lzcnt, tsc, tscinvbit, bmi1, bmi2, adx

Memory: 4k page, physical 8272588k(764684k free), swap 17447880k(1232k free)

vm_info: Java HotSpot(TM) 64-Bit Server VM (25.211-b12) for windows-amd64 JRE (1.8.0_211-b12), built on Apr  1 2019 20:53:26 by "java_re" with MS VC++ 10.0 (VS2010)

time: Mon Aug 19 17:37:06 2019
timezone: 中国标准时间
elapsed time: 2 seconds (0d 0h 0m 2s)

